<?xml version="1.0" encoding="UTF-8"?>
<testsuite xmlns:xsi="http://www.w3.org/2001/XMLSchema-instance" xsi:noNamespaceSchemaLocation="https://maven.apache.org/surefire/maven-surefire-plugin/xsd/surefire-test-report-3.0.xsd" version="3.0" name="com.w3canvas.javacanvas.test.TestJavaFX" time="0.335" tests="1" errors="1" skipped="0" failures="0">
  <properties>
    <property name="java.specification.version" value="23"/>
    <property name="sun.jnu.encoding" value="UTF-8"/>
    <property name="java.class.path" value="/app/target/test-classes:/app/target/classes:/home/jules/.m2/repository/org/openjfx/javafx-controls/21.0.8/javafx-controls-21.0.8-linux.jar:/home/jules/.m2/repository/org/openjfx/javafx-graphics/21.0.8/javafx-graphics-21.0.8.jar:/home/jules/.m2/repository/org/openjfx/javafx-graphics/21.0.8/javafx-graphics-21.0.8-linux.jar:/home/jules/.m2/repository/org/openjfx/javafx-base/21.0.8/javafx-base-21.0.8.jar:/home/jules/.m2/repository/org/openjfx/javafx-base/21.0.8/javafx-base-21.0.8-linux.jar:/home/jules/.m2/repository/org/openjfx/javafx-media/21.0.8/javafx-media-21.0.8-linux.jar:/home/jules/.m2/repository/org/openjfx/javafx-swing/21.0.8/javafx-swing-21.0.8-linux.jar:/home/jules/.m2/repository/org/mozilla/rhino/1.7.14/rhino-1.7.14.jar:/home/jules/.m2/repository/org/testfx/openjfx-monocle/21.0.2/openjfx-monocle-21.0.2.jar:/home/jules/.m2/repository/org/testfx/testfx-core/4.0.18/testfx-core-4.0.18.jar:/home/jules/.m2/repository/org/hamcrest/hamcrest/2.1/hamcrest-2.1.jar:/home/jules/.m2/repository/org/assertj/assertj-core/3.13.2/assertj-core-3.13.2.jar:/home/jules/.m2/repository/org/osgi/org.osgi.core/6.0.0/org.osgi.core-6.0.0.jar:/home/jules/.m2/repository/org/testfx/testfx-junit5/4.0.18/testfx-junit5-4.0.18.jar:/home/jules/.m2/repository/org/junit/jupiter/junit-jupiter-api/5.8.2/junit-jupiter-api-5.8.2.jar:/home/jules/.m2/repository/org/opentest4j/opentest4j/1.2.0/opentest4j-1.2.0.jar:/home/jules/.m2/repository/org/junit/platform/junit-platform-commons/1.8.2/junit-platform-commons-1.8.2.jar:/home/jules/.m2/repository/org/apiguardian/apiguardian-api/1.1.2/apiguardian-api-1.1.2.jar:/home/jules/.m2/repository/org/junit/jupiter/junit-jupiter-engine/5.8.2/junit-jupiter-engine-5.8.2.jar:/home/jules/.m2/repository/org/junit/platform/junit-platform-engine/1.8.2/junit-platform-engine-1.8.2.jar:/home/jules/.m2/repository/org/mockito/mockito-core/5.18.0/mockito-core-5.18.0.jar:/home/jules/.m2/repository/net/bytebuddy/byte-buddy/1.17.5/byte-buddy-1.17.5.jar:/home/jules/.m2/repository/net/bytebuddy/byte-buddy-agent/1.17.5/byte-buddy-agent-1.17.5.jar:/home/jules/.m2/repository/org/objenesis/objenesis/3.3/objenesis-3.3.jar:/home/jules/.m2/repository/org/mockito/mockito-junit-jupiter/5.18.0/mockito-junit-jupiter-5.18.0.jar:"/>
    <property name="java.vm.vendor" value="Oracle Corporation"/>
    <property name="sun.arch.data.model" value="64"/>
    <property name="java.vendor.url" value="https://java.oracle.com/"/>
    <property name="user.timezone" value="Etc/UTC"/>
    <property name="os.name" value="Linux"/>
    <property name="java.vm.specification.version" value="23"/>
    <property name="sun.java.launcher" value="SUN_STANDARD"/>
    <property name="w3canvas.backend" value="javafx"/>
    <property name="sun.boot.library.path" value="/usr/lib/jvm/jdk-23.0.2/lib"/>
    <property name="sun.java.command" value="/app/target/surefire/surefirebooter163119952704642957.jar /app/target/surefire 2025-08-11T00-03-43_777-jvmRun1 surefire6229032455269967338tmp surefire_08401298526216382503tmp"/>
    <property name="jdk.debug" value="release"/>
    <property name="test" value="TestJavaFX"/>
    <property name="surefire.test.class.path" value="/app/target/test-classes:/app/target/classes:/home/jules/.m2/repository/org/openjfx/javafx-controls/21.0.8/javafx-controls-21.0.8-linux.jar:/home/jules/.m2/repository/org/openjfx/javafx-graphics/21.0.8/javafx-graphics-21.0.8.jar:/home/jules/.m2/repository/org/openjfx/javafx-graphics/21.0.8/javafx-graphics-21.0.8-linux.jar:/home/jules/.m2/repository/org/openjfx/javafx-base/21.0.8/javafx-base-21.0.8.jar:/home/jules/.m2/repository/org/openjfx/javafx-base/21.0.8/javafx-base-21.0.8-linux.jar:/home/jules/.m2/repository/org/openjfx/javafx-media/21.0.8/javafx-media-21.0.8-linux.jar:/home/jules/.m2/repository/org/openjfx/javafx-swing/21.0.8/javafx-swing-21.0.8-linux.jar:/home/jules/.m2/repository/org/mozilla/rhino/1.7.14/rhino-1.7.14.jar:/home/jules/.m2/repository/org/testfx/openjfx-monocle/21.0.2/openjfx-monocle-21.0.2.jar:/home/jules/.m2/repository/org/testfx/testfx-core/4.0.18/testfx-core-4.0.18.jar:/home/jules/.m2/repository/org/hamcrest/hamcrest/2.1/hamcrest-2.1.jar:/home/jules/.m2/repository/org/assertj/assertj-core/3.13.2/assertj-core-3.13.2.jar:/home/jules/.m2/repository/org/osgi/org.osgi.core/6.0.0/org.osgi.core-6.0.0.jar:/home/jules/.m2/repository/org/testfx/testfx-junit5/4.0.18/testfx-junit5-4.0.18.jar:/home/jules/.m2/repository/org/junit/jupiter/junit-jupiter-api/5.8.2/junit-jupiter-api-5.8.2.jar:/home/jules/.m2/repository/org/opentest4j/opentest4j/1.2.0/opentest4j-1.2.0.jar:/home/jules/.m2/repository/org/junit/platform/junit-platform-commons/1.8.2/junit-platform-commons-1.8.2.jar:/home/jules/.m2/repository/org/apiguardian/apiguardian-api/1.1.2/apiguardian-api-1.1.2.jar:/home/jules/.m2/repository/org/junit/jupiter/junit-jupiter-engine/5.8.2/junit-jupiter-engine-5.8.2.jar:/home/jules/.m2/repository/org/junit/platform/junit-platform-engine/1.8.2/junit-platform-engine-1.8.2.jar:/home/jules/.m2/repository/org/mockito/mockito-core/5.18.0/mockito-core-5.18.0.jar:/home/jules/.m2/repository/net/bytebuddy/byte-buddy/1.17.5/byte-buddy-1.17.5.jar:/home/jules/.m2/repository/net/bytebuddy/byte-buddy-agent/1.17.5/byte-buddy-agent-1.17.5.jar:/home/jules/.m2/repository/org/objenesis/objenesis/3.3/objenesis-3.3.jar:/home/jules/.m2/repository/org/mockito/mockito-junit-jupiter/5.18.0/mockito-junit-jupiter-5.18.0.jar:"/>
    <property name="sun.cpu.endian" value="little"/>
    <property name="user.home" value="/home/jules"/>
    <property name="user.language" value="en"/>
    <property name="java.specification.vendor" value="Oracle Corporation"/>
    <property name="java.version.date" value="2025-01-21"/>
    <property name="java.home" value="/usr/lib/jvm/jdk-23.0.2"/>
    <property name="file.separator" value="/"/>
    <property name="basedir" value="/app"/>
    <property name="java.vm.compressedOopsMode" value="32-bit"/>
    <property name="line.separator" value="&#10;"/>
    <property name="java.vm.specification.vendor" value="Oracle Corporation"/>
    <property name="java.specification.name" value="Java Platform API Specification"/>
    <property name="surefire.real.class.path" value="/app/target/surefire/surefirebooter163119952704642957.jar"/>
    <property name="sun.management.compiler" value="HotSpot 64-Bit Tiered Compilers"/>
    <property name="java.runtime.version" value="23.0.2+7-58"/>
    <property name="user.name" value="jules"/>
    <property name="stdout.encoding" value="UTF-8"/>
    <property name="path.separator" value=":"/>
    <property name="os.version" value="6.8.0"/>
    <property name="java.runtime.name" value="Java(TM) SE Runtime Environment"/>
    <property name="file.encoding" value="UTF-8"/>
    <property name="java.vm.name" value="Java HotSpot(TM) 64-Bit Server VM"/>
    <property name="localRepository" value="/home/jules/.m2/repository"/>
    <property name="java.vendor.url.bug" value="https://bugreport.java.com/bugreport/"/>
    <property name="java.io.tmpdir" value="/tmp"/>
    <property name="java.version" value="23.0.2"/>
    <property name="user.dir" value="/app"/>
    <property name="os.arch" value="amd64"/>
    <property name="java.vm.specification.name" value="Java Virtual Machine Specification"/>
    <property name="native.encoding" value="UTF-8"/>
    <property name="java.library.path" value="/usr/java/packages/lib:/usr/lib64:/lib64:/lib:/usr/lib"/>
    <property name="stderr.encoding" value="UTF-8"/>
    <property name="java.vm.info" value="mixed mode, sharing"/>
    <property name="java.vendor" value="Oracle Corporation"/>
    <property name="java.vm.version" value="23.0.2+7-58"/>
    <property name="sun.io.unicode.encoding" value="UnicodeLittle"/>
    <property name="java.class.version" value="67.0"/>
  </properties>
  <testcase name="testFillRect" classname="com.w3canvas.javacanvas.test.TestJavaFX" time="0.065">
    <error type="java.lang.NullPointerException"><![CDATA[java.lang.NullPointerException: Cannot invoke "com.w3canvas.javacanvas.backend.rhino.impl.node.Document.getContentPane()" because the return value of "com.w3canvas.javacanvas.backend.rhino.impl.node.Document.getInstance()" is null
	at com.w3canvas.javacanvas.test.TestJavaFX.testFillRect(TestJavaFX.java:30)
]]></error>
  </testcase>
</testsuite>